Performing C SOURCE FILE Test CMAKE_HAVE_LIBC_PTHREAD failed with the following output:
Change Dir: /home/jaysean/Projects/shanNong/cloudVisInfImgFusion/build-cloudVisInfImgFusion-Desktop-Release/CMakeFiles/CMakeScratch/TryCompile-NaEE4y

Run Build Command(s):/usr/bin/make -f Makefile cmTC_33493/fast && /usr/bin/make  -f CMakeFiles/cmTC_33493.dir/build.make CMakeFiles/cmTC_33493.dir/build
make[1]: Entering directory '/home/jaysean/Projects/shanNong/cloudVisInfImgFusion/build-cloudVisInfImgFusion-Desktop-Release/CMakeFiles/CMakeScratch/TryCompile-NaEE4y'
Building C object CMakeFiles/cmTC_33493.dir/src.c.o
/usr/bin/gcc -DCMAKE_HAVE_LIBC_PTHREAD   -o CMakeFiles/cmTC_33493.dir/src.c.o -c /home/jaysean/Projects/shanNong/cloudVisInfImgFusion/build-cloudVisInfImgFusion-Desktop-Release/CMakeFiles/CMakeScratch/TryCompile-NaEE4y/src.c
Linking C executable cmTC_33493
/usr/bin/cmake -E cmake_link_script CMakeFiles/cmTC_33493.dir/link.txt --verbose=1
/usr/bin/gcc -rdynamic CMakeFiles/cmTC_33493.dir/src.c.o -o cmTC_33493 
CMakeFiles/cmTC_33493.dir/src.c.o: In function `main':
src.c:(.text+0x3c): undefined reference to `pthread_create'
src.c:(.text+0x48): undefined reference to `pthread_detach'
src.c:(.text+0x54): undefined reference to `pthread_cancel'
src.c:(.text+0x65): undefined reference to `pthread_join'
src.c:(.text+0x79): undefined reference to `pthread_atfork'
collect2: error: ld returned 1 exit status
CMakeFiles/cmTC_33493.dir/build.make:98: recipe for target 'cmTC_33493' failed
make[1]: *** [cmTC_33493] Error 1
make[1]: Leaving directory '/home/jaysean/Projects/shanNong/cloudVisInfImgFusion/build-cloudVisInfImgFusion-Desktop-Release/CMakeFiles/CMakeScratch/TryCompile-NaEE4y'
Makefile:127: recipe for target 'cmTC_33493/fast' failed
make: *** [cmTC_33493/fast] Error 2


Source file was:
#include <pthread.h>

static void* test_func(void* data)
{
  return data;
}

int main(void)
{
  pthread_t thread;
  pthread_create(&thread, NULL, test_func, NULL);
  pthread_detach(thread);
  pthread_cancel(thread);
  pthread_join(thread, NULL);
  pthread_atfork(NULL, NULL, NULL);
  pthread_exit(NULL);

  return 0;
}


Determining if the function pthread_create exists in the pthreads failed with the following output:
Change Dir: /home/jaysean/Projects/shanNong/cloudVisInfImgFusion/build-cloudVisInfImgFusion-Desktop-Release/CMakeFiles/CMakeScratch/TryCompile-mOrMIf

Run Build Command(s):/usr/bin/make -f Makefile cmTC_2b470/fast && /usr/bin/make  -f CMakeFiles/cmTC_2b470.dir/build.make CMakeFiles/cmTC_2b470.dir/build
make[1]: Entering directory '/home/jaysean/Projects/shanNong/cloudVisInfImgFusion/build-cloudVisInfImgFusion-Desktop-Release/CMakeFiles/CMakeScratch/TryCompile-mOrMIf'
Building C object CMakeFiles/cmTC_2b470.dir/CheckFunctionExists.c.o
/usr/bin/gcc   -DCHECK_FUNCTION_EXISTS=pthread_create -o CMakeFiles/cmTC_2b470.dir/CheckFunctionExists.c.o -c /home/jaysean/Projects/shanNong/cloudVisInfImgFusion/build-cloudVisInfImgFusion-Desktop-Release/CMakeFiles/CMakeScratch/TryCompile-mOrMIf/CheckFunctionExists.c
Linking C executable cmTC_2b470
/usr/bin/cmake -E cmake_link_script CMakeFiles/cmTC_2b470.dir/link.txt --verbose=1
/usr/bin/gcc  -DCHECK_FUNCTION_EXISTS=pthread_create -rdynamic CMakeFiles/cmTC_2b470.dir/CheckFunctionExists.c.o -o cmTC_2b470  -lpthreads 
/usr/bin/ld: cannot find -lpthreads
collect2: error: ld returned 1 exit status
CMakeFiles/cmTC_2b470.dir/build.make:98: recipe for target 'cmTC_2b470' failed
make[1]: *** [cmTC_2b470] Error 1
make[1]: Leaving directory '/home/jaysean/Projects/shanNong/cloudVisInfImgFusion/build-cloudVisInfImgFusion-Desktop-Release/CMakeFiles/CMakeScratch/TryCompile-mOrMIf'
Makefile:127: recipe for target 'cmTC_2b470/fast' failed
make: *** [cmTC_2b470/fast] Error 2



